Using pre-set license
Built from '2021.3/staging' branch; Version is '2021.3.11f1 (0a5ca18544bf) revision 679073'; Using compiler version '192829333'; Build Type 'Release'
OS: 'Windows 10  (10.0.19044) 64bit CoreSingleLanguage' Language: 'ru' Physical Memory: 16305 MB
BatchMode: 1, IsHumanControllingUs: 0, StartBugReporterOnCrash: 0, Is64bit: 1, IsPro: 1

COMMAND LINE ARGUMENTS:
D:\Games\Unity\2021.3.11f1\Editor\Unity.exe
-adb2
-batchMode
-noUpm
-name
AssetImportWorker0
-projectPath
H:/Unity/Strategy/Strategy
-logFile
Logs/AssetImportWorker0.log
-srvPort
63296
Successfully changed project path to: H:/Unity/Strategy/Strategy
H:/Unity/Strategy/Strategy
[UnityMemory] Configuration Parameters - Can be set up in boot.config
    "memorysetup-bucket-allocator-granularity=16"
    "memorysetup-bucket-allocator-bucket-count=8"
    "memorysetup-bucket-allocator-block-size=33554432"
    "memorysetup-bucket-allocator-block-count=8"
    "memorysetup-main-allocator-block-size=16777216"
    "memorysetup-thread-allocator-block-size=16777216"
    "memorysetup-gfx-main-allocator-block-size=16777216"
    "memorysetup-gfx-thread-allocator-block-size=16777216"
    "memorysetup-cache-allocator-block-size=4194304"
    "memorysetup-typetree-allocator-block-size=2097152"
    "memorysetup-profiler-bucket-allocator-granularity=16"
    "memorysetup-profiler-bucket-allocator-bucket-count=8"
    "memorysetup-profiler-bucket-allocator-block-size=33554432"
    "memorysetup-profiler-bucket-allocator-block-count=8"
    "memorysetup-profiler-allocator-block-size=16777216"
    "memorysetup-profiler-editor-allocator-block-size=1048576"
    "memorysetup-temp-allocator-size-main=16777216"
    "memorysetup-job-temp-allocator-block-size=2097152"
    "memorysetup-job-temp-allocator-block-size-background=1048576"
    "memorysetup-job-temp-allocator-reduction-small-platforms=262144"
    "memorysetup-temp-allocator-size-background-worker=32768"
    "memorysetup-temp-allocator-size-job-worker=262144"
    "memorysetup-temp-allocator-size-preload-manager=33554432"
    "memorysetup-temp-allocator-size-nav-mesh-worker=65536"
    "memorysetup-temp-allocator-size-audio-worker=65536"
    "memorysetup-temp-allocator-size-cloud-worker=32768"
    "memorysetup-temp-allocator-size-gi-baking-worker=262144"
    "memorysetup-temp-allocator-size-gfx=262144"
Refreshing native plugins compatible for Editor in 97.67 ms, found 3 plugins.
Preloading 0 native plugins for Editor in 0.00 ms.
Initialize engine version: 2021.3.11f1 (0a5ca18544bf)
[Subsystems] Discovering subsystems at path D:/Games/Unity/2021.3.11f1/Editor/Data/Resources/UnitySubsystems
[Subsystems] Discovering subsystems at path H:/Unity/Strategy/Strategy/Assets
GfxDevice: creating device client; threaded=0; jobified=0
Direct3D:
    Version:  Direct3D 11.0 [level 11.1]
    Renderer: NVIDIA GeForce GTX 960 (ID=0x1401)
    Vendor:   NVIDIA
    VRAM:     4047 MB
    Driver:   31.0.15.2802
Initialize mono
Mono path[0] = 'D:/Games/Unity/2021.3.11f1/Editor/Data/Managed'
Mono path[1] = 'D:/Games/Unity/2021.3.11f1/Editor/Data/MonoBleedingEdge/lib/mono/unityjit-win32'
Mono config path = 'D:/Games/Unity/2021.3.11f1/Editor/Data/MonoBleedingEdge/etc'
Using monoOptions --debugger-agent=transport=dt_socket,embedding=1,server=y,suspend=n,address=127.0.0.1:56628
Begin MonoManager ReloadAssembly
Registering precompiled unity dll's ...
Register platform support module: D:/Games/Unity/2021.3.11f1/Editor/Data/PlaybackEngines/AndroidPlayer/UnityEditor.Android.Extensions.dll
Register platform support module: D:/Games/Unity/2021.3.11f1/Editor/Data/PlaybackEngines/iOSSupport/UnityEditor.iOS.Extensions.dll
Register platform support module: D:/Games/Unity/2021.3.11f1/Editor/Data/PlaybackEngines/WindowsStandaloneSupport/UnityEditor.WindowsStandalone.Extensions.dll
Registered in 0.004009 seconds.
Native extension for WindowsStandalone target not found
[usbmuxd] Start listen thread
[usbmuxd] Listen thread started
Native extension for iOS target not found
Native extension for Android target not found
Refreshing native plugins compatible for Editor in 106.97 ms, found 3 plugins.
Preloading 0 native plugins for Editor in 0.00 ms.
Mono: successfully reloaded assembly
- Completed reload, in  0.683 seconds
Domain Reload Profiling:
	ReloadAssembly (690ms)
		BeginReloadAssembly (71ms)
			ExecutionOrderSort (0ms)
			DisableScriptedObjects (0ms)
			BackupInstance (0ms)
			ReleaseScriptingObjects (0ms)
			CreateAndSetChildDomain (1ms)
		EndReloadAssembly (516ms)
			LoadAssemblies (65ms)
			RebuildTransferFunctionScriptingTraits (0ms)
			SetupTypeCache (107ms)
			ReleaseScriptCaches (0ms)
			RebuildScriptCaches (34ms)
			SetupLoadedEditorAssemblies (316ms)
				LogAssemblyErrors (0ms)
				InitializePlatformSupportModulesInManaged (81ms)
				SetLoadedEditorAssemblies (1ms)
				RefreshPlugins (107ms)
				BeforeProcessingInitializeOnLoad (1ms)
				ProcessInitializeOnLoadAttributes (86ms)
				ProcessInitializeOnLoadMethodAttributes (39ms)
				AfterProcessingInitializeOnLoad (0ms)
				EditorAssembliesLoaded (0ms)
			ExecutionOrderSort2 (0ms)
			AwakeInstancesAfterBackupRestoration (0ms)
Platform modules already initialized, skipping
Registering precompiled user dll's ...
Registered in 0.004384 seconds.
Begin MonoManager ReloadAssembly
Symbol file LoadedFromMemory doesn't match image H:\Unity\Strategy\Strategy\Library\PackageCache\com.unity.visualscripting@1.7.8\Editor\VisualScripting.Core\Dependencies\YamlDotNet\Unity.VisualScripting.YamlDotNet.dll
Symbol file LoadedFromMemory doesn't match image H:\Unity\Strategy\Strategy\Library\PackageCache\com.unity.visualscripting@1.7.8\Editor\VisualScripting.Core\Dependencies\DotNetZip\Unity.VisualScripting.IonicZip.dll
Native extension for WindowsStandalone target not found
Native extension for iOS target not found
Native extension for Android target not found
Refreshing native plugins compatible for Editor in 0.74 ms, found 3 plugins.
Preloading 0 native plugins for Editor in 0.00 ms.
Mono: successfully reloaded assembly
- Completed reload, in  1.120 seconds
Domain Reload Profiling:
	ReloadAssembly (1121ms)
		BeginReloadAssembly (221ms)
			ExecutionOrderSort (0ms)
			DisableScriptedObjects (5ms)
			BackupInstance (0ms)
			ReleaseScriptingObjects (0ms)
			CreateAndSetChildDomain (136ms)
		EndReloadAssembly (796ms)
			LoadAssemblies (84ms)
			RebuildTransferFunctionScriptingTraits (0ms)
			SetupTypeCache (291ms)
			ReleaseScriptCaches (1ms)
			RebuildScriptCaches (55ms)
			SetupLoadedEditorAssemblies (339ms)
				LogAssemblyErrors (0ms)
				InitializePlatformSupportModulesInManaged (21ms)
				SetLoadedEditorAssemblies (0ms)
				RefreshPlugins (1ms)
				BeforeProcessingInitializeOnLoad (80ms)
				ProcessInitializeOnLoadAttributes (208ms)
				ProcessInitializeOnLoadMethodAttributes (27ms)
				AfterProcessingInitializeOnLoad (2ms)
				EditorAssembliesLoaded (0ms)
			ExecutionOrderSort2 (0ms)
			AwakeInstancesAfterBackupRestoration (5ms)
Platform modules already initialized, skipping
========================================================================
Worker process is ready to serve import requests
Launched and connected shader compiler UnityShaderCompiler.exe after 0.05 seconds
Refreshing native plugins compatible for Editor in 0.74 ms, found 3 plugins.
Preloading 0 native plugins for Editor in 0.00 ms.
Unloading 4326 Unused Serialized files (Serialized files now loaded: 0)
Unloading 32 unused Assets / (115.8 KB). Loaded Objects now: 4782.
Memory consumption went from 152.4 MB to 152.3 MB.
Total: 2.967600 ms (FindLiveObjects: 0.331000 ms CreateObjectMapping: 0.291600 ms MarkObjects: 2.227700 ms  DeleteObjects: 0.116400 ms)

AssetImportParameters requested are different than current active one (requested -> active):
  custom:video-decoder-ogg-theora: a1e56fd34408186e4bbccfd4996cb3dc -> 
  custom:container-muxer-webm: aa71ff27fc2769a1b78a27578f13a17b -> 
  custom:container-demuxer-webm: 4f35f7cbe854078d1ac9338744f61a02 -> 
  custom:video-encoder-webm-vp8: eb34c28f22e8b96e1ab97ce403110664 -> 
  custom:audio-encoder-webm-vorbis: bf7c407c2cedff20999df2af8eb42d56 -> 
  custom:framework-win-MediaFoundation: 216162199b28c13a410421893ffa2e32 -> 
  custom:container-demuxer-ogg: 62fdf1f143b41e24485cea50d1cbac27 -> 
  custom:video-decoder-webm-vp8: 9c59270c3fd7afecdb556c50c9e8de78 -> 
  custom:audio-decoder-ogg-vorbis: bf7c407c2cedff20999df2af8eb42d56 -> 
========================================================================
Received Import Request.
  Time since last request: 20205.515002 seconds.
  path: Assets/Scripts/Abstractions/IProduceUnitCommand.cs
  artifactKey: Guid(3e80c6b961c581144822cc463562513b) Importer(815301076,1909f56bfc062723c751e8b465ee728b)
Start importing Assets/Scripts/Abstractions/IProduceUnitCommand.cs using Guid(3e80c6b961c581144822cc463562513b) Importer(815301076,1909f56bfc062723c751e8b465ee728b)  -> (artifact id: '318b79319e55b29c1221f6bca0127859') in 0.021994 seconds 
========================================================================
Received Import Request.
  Time since last request: 24.090329 seconds.
  path: Assets/Scripts/Abstractions/IProduceUnitCommand.cs
  artifactKey: Guid(3e80c6b961c581144822cc463562513b) Importer(815301076,1909f56bfc062723c751e8b465ee728b)
Start importing Assets/Scripts/Abstractions/IProduceUnitCommand.cs using Guid(3e80c6b961c581144822cc463562513b) Importer(815301076,1909f56bfc062723c751e8b465ee728b)  -> (artifact id: 'eafd1ba6858094bfd3611e0efc1e0895') in 0.003242 seconds 
========================================================================
Received Import Request.
  Time since last request: 59.697747 seconds.
  path: Assets/Scripts/Abstractions/IIconHolder.cs
  artifactKey: Guid(10c800dcd8a333543a972c82809b91f1) Importer(815301076,1909f56bfc062723c751e8b465ee728b)
Start importing Assets/Scripts/Abstractions/IIconHolder.cs using Guid(10c800dcd8a333543a972c82809b91f1) Importer(815301076,1909f56bfc062723c751e8b465ee728b)  -> (artifact id: 'd2124700dc99a562145a36839b8a1380') in 0.003059 seconds 
========================================================================
Received Import Request.
  Time since last request: 23.414498 seconds.
  path: Assets/Scripts/Abstractions/IIconHolder.cs
  artifactKey: Guid(10c800dcd8a333543a972c82809b91f1) Importer(815301076,1909f56bfc062723c751e8b465ee728b)
Start importing Assets/Scripts/Abstractions/IIconHolder.cs using Guid(10c800dcd8a333543a972c82809b91f1) Importer(815301076,1909f56bfc062723c751e8b465ee728b)  -> (artifact id: '4ab0d106d409016e2f0a5a2309455e7d') in 0.002499 seconds 
========================================================================
Received Import Request.
  Time since last request: 70.246138 seconds.
  path: Assets/Scripts/UserControlSystem/ProduceUnitCommand.cs
  artifactKey: Guid(60cbdb4a730abcb468d3712de80d3909) Importer(815301076,1909f56bfc062723c751e8b465ee728b)
Start importing Assets/Scripts/UserControlSystem/ProduceUnitCommand.cs using Guid(60cbdb4a730abcb468d3712de80d3909) Importer(815301076,1909f56bfc062723c751e8b465ee728b)  -> (artifact id: 'd503f72fd4e5ea651d3024739a58ae21') in 0.015270 seconds 
========================================================================
Received Import Request.
  Time since last request: 67.688057 seconds.
  path: Assets/Scripts/UserControlSystem/ProduceUnitCommand.cs
  artifactKey: Guid(60cbdb4a730abcb468d3712de80d3909) Importer(815301076,1909f56bfc062723c751e8b465ee728b)
Start importing Assets/Scripts/UserControlSystem/ProduceUnitCommand.cs using Guid(60cbdb4a730abcb468d3712de80d3909) Importer(815301076,1909f56bfc062723c751e8b465ee728b)  -> (artifact id: 'fbd80016602dc6019b9ee2707d262b25') in 0.006880 seconds 
========================================================================
Received Prepare
Registering precompiled user dll's ...
Registered in 0.004074 seconds.
Begin MonoManager ReloadAssembly
Symbol file LoadedFromMemory doesn't match image H:\Unity\Strategy\Strategy\Library\PackageCache\com.unity.visualscripting@1.7.8\Editor\VisualScripting.Core\Dependencies\YamlDotNet\Unity.VisualScripting.YamlDotNet.dll
Symbol file LoadedFromMemory doesn't match image H:\Unity\Strategy\Strategy\Library\PackageCache\com.unity.visualscripting@1.7.8\Editor\VisualScripting.Core\Dependencies\DotNetZip\Unity.VisualScripting.IonicZip.dll
Native extension for WindowsStandalone target not found
Native extension for iOS target not found
Native extension for Android target not found
Refreshing native plugins compatible for Editor in 0.72 ms, found 3 plugins.
Preloading 0 native plugins for Editor in 0.00 ms.
Mono: successfully reloaded assembly
- Completed reload, in  0.956 seconds
Domain Reload Profiling:
	ReloadAssembly (957ms)
		BeginReloadAssembly (120ms)
			ExecutionOrderSort (0ms)
			DisableScriptedObjects (5ms)
			BackupInstance (0ms)
			ReleaseScriptingObjects (0ms)
			CreateAndSetChildDomain (35ms)
		EndReloadAssembly (754ms)
			LoadAssemblies (77ms)
			RebuildTransferFunctionScriptingTraits (0ms)
			SetupTypeCache (284ms)
			ReleaseScriptCaches (1ms)
			RebuildScriptCaches (35ms)
			SetupLoadedEditorAssemblies (303ms)
				LogAssemblyErrors (0ms)
				InitializePlatformSupportModulesInManaged (27ms)
				SetLoadedEditorAssemblies (0ms)
				RefreshPlugins (1ms)
				BeforeProcessingInitializeOnLoad (55ms)
				ProcessInitializeOnLoadAttributes (189ms)
				ProcessInitializeOnLoadMethodAttributes (28ms)
				AfterProcessingInitializeOnLoad (2ms)
				EditorAssembliesLoaded (0ms)
			ExecutionOrderSort2 (0ms)
			AwakeInstancesAfterBackupRestoration (6ms)
Platform modules already initialized, skipping
Refreshing native plugins compatible for Editor in 1.66 ms, found 3 plugins.
Preloading 0 native plugins for Editor in 0.00 ms.
Unloading 4293 Unused Serialized files (Serialized files now loaded: 0)
Unloading 25 unused Assets / (83.0 KB). Loaded Objects now: 4786.
Memory consumption went from 149.4 MB to 149.3 MB.
Total: 2.769100 ms (FindLiveObjects: 0.284700 ms CreateObjectMapping: 0.196000 ms MarkObjects: 2.183700 ms  DeleteObjects: 0.103900 ms)

AssetImportParameters requested are different than current active one (requested -> active):
  custom:video-decoder-ogg-theora: a1e56fd34408186e4bbccfd4996cb3dc -> 
  custom:container-muxer-webm: aa71ff27fc2769a1b78a27578f13a17b -> 
  custom:container-demuxer-webm: 4f35f7cbe854078d1ac9338744f61a02 -> 
  custom:video-encoder-webm-vp8: eb34c28f22e8b96e1ab97ce403110664 -> 
  custom:audio-encoder-webm-vorbis: bf7c407c2cedff20999df2af8eb42d56 -> 
  custom:framework-win-MediaFoundation: 216162199b28c13a410421893ffa2e32 -> 
  custom:container-demuxer-ogg: 62fdf1f143b41e24485cea50d1cbac27 -> 
  custom:video-decoder-webm-vp8: 9c59270c3fd7afecdb556c50c9e8de78 -> 
  custom:audio-decoder-ogg-vorbis: bf7c407c2cedff20999df2af8eb42d56 -> 
========================================================================
Received Import Request.
  Time since last request: 43.450062 seconds.
  path: Assets/Scripts/UserControlSystem/UI/Model/UiModelInstaller.cs
  artifactKey: Guid(24f52983d40fb174bbc5578893ae0e21) Importer(815301076,1909f56bfc062723c751e8b465ee728b)
Start importing Assets/Scripts/UserControlSystem/UI/Model/UiModelInstaller.cs using Guid(24f52983d40fb174bbc5578893ae0e21) Importer(815301076,1909f56bfc062723c751e8b465ee728b)  -> (artifact id: '28039f9f3e04a4c80bebd388309d2c3e') in 0.019433 seconds 
========================================================================
Received Import Request.
  Time since last request: 662.198876 seconds.
  path: Assets/Scripts/UserControlSystem/UI/Model/UiModelInstaller.cs
  artifactKey: Guid(24f52983d40fb174bbc5578893ae0e21) Importer(815301076,1909f56bfc062723c751e8b465ee728b)
Start importing Assets/Scripts/UserControlSystem/UI/Model/UiModelInstaller.cs using Guid(24f52983d40fb174bbc5578893ae0e21) Importer(815301076,1909f56bfc062723c751e8b465ee728b)  -> (artifact id: 'c19d77685a193a15f6db3a2e82388dd4') in 0.025547 seconds 
========================================================================
Received Import Request.
  Time since last request: 445.822239 seconds.
  path: Assets/Scripts/UserControlSystem/UI/Model/CommandCreators/ProduceUnitCommandCommandCreator.cs
  artifactKey: Guid(b7e17a0b358e8c54ebb18028f2a23d63) Importer(815301076,1909f56bfc062723c751e8b465ee728b)
Start importing Assets/Scripts/UserControlSystem/UI/Model/CommandCreators/ProduceUnitCommandCommandCreator.cs using Guid(b7e17a0b358e8c54ebb18028f2a23d63) Importer(815301076,1909f56bfc062723c751e8b465ee728b)  -> (artifact id: '71228f30783250b065fdde439b8c5a45') in 0.005868 seconds 
========================================================================
Received Import Request.
  Time since last request: 455.690883 seconds.
  path: Assets/Scripts/Abstractions/IHealthHolder.cs
  artifactKey: Guid(d9bca290057cdac45910015fb7fdf171) Importer(815301076,1909f56bfc062723c751e8b465ee728b)
Start importing Assets/Scripts/Abstractions/IHealthHolder.cs using Guid(d9bca290057cdac45910015fb7fdf171) Importer(815301076,1909f56bfc062723c751e8b465ee728b)  -> (artifact id: '5437c3f0ebd935bbd7e2a5a4c6a3b616') in 0.002916 seconds 
========================================================================
Received Import Request.
  Time since last request: 54.897090 seconds.
  path: Assets/Scripts/Abstractions/ISelectable.cs
  artifactKey: Guid(d8eefd66eb4bd7b4186bfc5337fd2d0c) Importer(815301076,1909f56bfc062723c751e8b465ee728b)
Start importing Assets/Scripts/Abstractions/ISelectable.cs using Guid(d8eefd66eb4bd7b4186bfc5337fd2d0c) Importer(815301076,1909f56bfc062723c751e8b465ee728b)  -> (artifact id: '80fb14b97c43b76ddd55ecb6b5ae4e18') in 0.002204 seconds 
========================================================================
Received Import Request.
  Time since last request: 105.820143 seconds.
  path: Assets/Scripts/Abstractions/IProduceUnitCommand.cs
  artifactKey: Guid(3e80c6b961c581144822cc463562513b) Importer(815301076,1909f56bfc062723c751e8b465ee728b)
Start importing Assets/Scripts/Abstractions/IProduceUnitCommand.cs using Guid(3e80c6b961c581144822cc463562513b) Importer(815301076,1909f56bfc062723c751e8b465ee728b)  -> (artifact id: '6e8fa43d1e5434e63dca7d519309301a') in 0.003204 seconds 
========================================================================
Received Import Request.
  Time since last request: 6.618168 seconds.
  path: Assets/Scripts/Abstractions/IUnitProductionTask.cs
  artifactKey: Guid(7fe9ec2e4d26c06448262d5b2fd6c708) Importer(815301076,1909f56bfc062723c751e8b465ee728b)
Start importing Assets/Scripts/Abstractions/IUnitProductionTask.cs using Guid(7fe9ec2e4d26c06448262d5b2fd6c708) Importer(815301076,1909f56bfc062723c751e8b465ee728b)  -> (artifact id: '789a5a36be06558af02b72e545db3073') in 0.002593 seconds 
========================================================================
Received Import Request.
  Time since last request: 19.718712 seconds.
  path: Assets/Scripts/Abstractions/IUnitProductionTask.cs
  artifactKey: Guid(7fe9ec2e4d26c06448262d5b2fd6c708) Importer(815301076,1909f56bfc062723c751e8b465ee728b)
Start importing Assets/Scripts/Abstractions/IUnitProductionTask.cs using Guid(7fe9ec2e4d26c06448262d5b2fd6c708) Importer(815301076,1909f56bfc062723c751e8b465ee728b)  -> (artifact id: '991dd01f7c35984c2f662033a64a77db') in 0.002134 seconds 
========================================================================
Received Import Request.
  Time since last request: 111.097059 seconds.
  path: Assets/Scripts/Core/MainBuilding.cs
  artifactKey: Guid(e0728257ac5d4e04ca5ba0f946a90f05) Importer(815301076,1909f56bfc062723c751e8b465ee728b)
Start importing Assets/Scripts/Core/MainBuilding.cs using Guid(e0728257ac5d4e04ca5ba0f946a90f05) Importer(815301076,1909f56bfc062723c751e8b465ee728b)  -> (artifact id: '57aeffc17a39bcbea2fa9648276eb86f') in 0.005731 seconds 
========================================================================
Received Import Request.
  Time since last request: 151.998181 seconds.
  path: Assets/Scripts/Core/MainBuilding.cs
  artifactKey: Guid(e0728257ac5d4e04ca5ba0f946a90f05) Importer(815301076,1909f56bfc062723c751e8b465ee728b)
Start importing Assets/Scripts/Core/MainBuilding.cs using Guid(e0728257ac5d4e04ca5ba0f946a90f05) Importer(815301076,1909f56bfc062723c751e8b465ee728b)  -> (artifact id: 'c9591ad3e096c06e3ddb5f0be2d5003f') in 0.002382 seconds 
========================================================================
Received Import Request.
  Time since last request: 221.917062 seconds.
  path: Assets/Scripts/Abstractions/IUnitProducer.cs
  artifactKey: Guid(85c86ae8466af814cba6fffd05b57e9f) Importer(815301076,1909f56bfc062723c751e8b465ee728b)
Start importing Assets/Scripts/Abstractions/IUnitProducer.cs using Guid(85c86ae8466af814cba6fffd05b57e9f) Importer(815301076,1909f56bfc062723c751e8b465ee728b)  -> (artifact id: '238e6a71a54b5c11210c2526ff8259a1') in 0.003126 seconds 
========================================================================
Received Import Request.
  Time since last request: 16.786502 seconds.
  path: Assets/Scripts/Abstractions/IUnitProducer.cs
  artifactKey: Guid(85c86ae8466af814cba6fffd05b57e9f) Importer(815301076,1909f56bfc062723c751e8b465ee728b)
Start importing Assets/Scripts/Abstractions/IUnitProducer.cs using Guid(85c86ae8466af814cba6fffd05b57e9f) Importer(815301076,1909f56bfc062723c751e8b465ee728b)  -> (artifact id: 'f5de2dfd674e35c700fe627868b98a9a') in 0.002442 seconds 
========================================================================
Received Import Request.
  Time since last request: 179.137744 seconds.
  path: Assets/Scripts/Core/UnitProductionTask.cs
  artifactKey: Guid(76cd43d860043f14e89fa28352212b9c) Importer(815301076,1909f56bfc062723c751e8b465ee728b)
Start importing Assets/Scripts/Core/UnitProductionTask.cs using Guid(76cd43d860043f14e89fa28352212b9c) Importer(815301076,1909f56bfc062723c751e8b465ee728b)  -> (artifact id: '345d8f3efbea9236e91eed856f36859f') in 0.002826 seconds 
========================================================================
Received Import Request.
  Time since last request: 33.372070 seconds.
  path: Assets/Scripts/Core/UnitProductionTask.cs
  artifactKey: Guid(76cd43d860043f14e89fa28352212b9c) Importer(815301076,1909f56bfc062723c751e8b465ee728b)
Start importing Assets/Scripts/Core/UnitProductionTask.cs using Guid(76cd43d860043f14e89fa28352212b9c) Importer(815301076,1909f56bfc062723c751e8b465ee728b)  -> (artifact id: '92dc8cf6cfee52ba5655395ae341fe06') in 0.001902 seconds 
========================================================================
Received Import Request.
  Time since last request: 161.605168 seconds.
  path: Assets/Scripts/Core/CommandExecutors/ProduceUnitCommandExecutor.cs
  artifactKey: Guid(e7bb79e9083c89849800ec29cfb1fbdf) Importer(815301076,1909f56bfc062723c751e8b465ee728b)
Start importing Assets/Scripts/Core/CommandExecutors/ProduceUnitCommandExecutor.cs using Guid(e7bb79e9083c89849800ec29cfb1fbdf) Importer(815301076,1909f56bfc062723c751e8b465ee728b)  -> (artifact id: '7a9a66d50f2f4ea139f021b567d3c55b') in 0.020763 seconds 
========================================================================
Received Import Request.
  Time since last request: 54.538712 seconds.
  path: Assets/Scripts/Core/CommandExecutors/ProduceUnitCommandExecutor.cs
  artifactKey: Guid(e7bb79e9083c89849800ec29cfb1fbdf) Importer(815301076,1909f56bfc062723c751e8b465ee728b)
Start importing Assets/Scripts/Core/CommandExecutors/ProduceUnitCommandExecutor.cs using Guid(e7bb79e9083c89849800ec29cfb1fbdf) Importer(815301076,1909f56bfc062723c751e8b465ee728b)  -> (artifact id: 'b7c215c0f49893bcabc250067867bacd') in 0.002745 seconds 
========================================================================
Received Import Request.
  Time since last request: 465.602204 seconds.
  path: Assets/Scripts/Core/CommandExecutors/ProduceUnitCommandExecutor.cs
  artifactKey: Guid(e7bb79e9083c89849800ec29cfb1fbdf) Importer(815301076,1909f56bfc062723c751e8b465ee728b)
Start importing Assets/Scripts/Core/CommandExecutors/ProduceUnitCommandExecutor.cs using Guid(e7bb79e9083c89849800ec29cfb1fbdf) Importer(815301076,1909f56bfc062723c751e8b465ee728b)  -> (artifact id: 'e80bd1ae656ec03607b77d3b13cd8617') in 0.048360 seconds 
========================================================================
Received Import Request.
  Time since last request: 160.834750 seconds.
  path: Assets/Scripts/UserControlSystem/UI/Presenter/BottomCenterPresenter.cs
  artifactKey: Guid(7580eba1110172b45a8f4898bac9b175) Importer(815301076,1909f56bfc062723c751e8b465ee728b)
Start importing Assets/Scripts/UserControlSystem/UI/Presenter/BottomCenterPresenter.cs using Guid(7580eba1110172b45a8f4898bac9b175) Importer(815301076,1909f56bfc062723c751e8b465ee728b)  -> (artifact id: '45b7e3f488d6a2bf5d3367be02e77138') in 0.008925 seconds 
========================================================================
Received Import Request.
  Time since last request: 37.987068 seconds.
  path: Assets/Scripts/UserControlSystem/UI/Presenter/BottomCenterPresenter.cs
  artifactKey: Guid(7580eba1110172b45a8f4898bac9b175) Importer(815301076,1909f56bfc062723c751e8b465ee728b)
Start importing Assets/Scripts/UserControlSystem/UI/Presenter/BottomCenterPresenter.cs using Guid(7580eba1110172b45a8f4898bac9b175) Importer(815301076,1909f56bfc062723c751e8b465ee728b)  -> (artifact id: '05f00d5800a97944555f5c58552dd569') in 0.003773 seconds 
========================================================================
Received Import Request.
  Time since last request: 309.728065 seconds.
  path: Assets/Scripts/UserControlSystem/UI/View/BottomCenterView.cs
  artifactKey: Guid(fcb685ad8441ad141b0b2bf995a861f6) Importer(815301076,1909f56bfc062723c751e8b465ee728b)
Start importing Assets/Scripts/UserControlSystem/UI/View/BottomCenterView.cs using Guid(fcb685ad8441ad141b0b2bf995a861f6) Importer(815301076,1909f56bfc062723c751e8b465ee728b)  -> (artifact id: 'efdce54a8118dcc712536b70f1e03d25') in 0.023811 seconds 
========================================================================
Received Import Request.
  Time since last request: 62.476051 seconds.
  path: Assets/Scripts/UserControlSystem/UI/View/UIView.asmdef
  artifactKey: Guid(4cac2ab348b10a24380f38c28b865bb7) Importer(815301076,1909f56bfc062723c751e8b465ee728b)
Start importing Assets/Scripts/UserControlSystem/UI/View/UIView.asmdef using Guid(4cac2ab348b10a24380f38c28b865bb7) Importer(815301076,1909f56bfc062723c751e8b465ee728b)  -> (artifact id: '169a9b46d51dfbba5114ec6f4210eff9') in 0.037451 seconds 
========================================================================
Received Import Request.
  Time since last request: 26.388501 seconds.
  path: Assets/Scripts/UserControlSystem/UI/View/UIView.asmdef
  artifactKey: Guid(4cac2ab348b10a24380f38c28b865bb7) Importer(815301076,1909f56bfc062723c751e8b465ee728b)
Start importing Assets/Scripts/UserControlSystem/UI/View/UIView.asmdef using Guid(4cac2ab348b10a24380f38c28b865bb7) Importer(815301076,1909f56bfc062723c751e8b465ee728b)  -> (artifact id: '78381d633087123bb5401a5f7635c185') in 0.002744 seconds 
========================================================================
Received Import Request.
  Time since last request: 195.958209 seconds.
  path: Assets/Scripts/UserControlSystem/UI/Model/BottomCenterModel.cs
  artifactKey: Guid(76c52788037cabe4aa3d033cc20037ac) Importer(815301076,1909f56bfc062723c751e8b465ee728b)
Start importing Assets/Scripts/UserControlSystem/UI/Model/BottomCenterModel.cs using Guid(76c52788037cabe4aa3d033cc20037ac) Importer(815301076,1909f56bfc062723c751e8b465ee728b)  -> (artifact id: 'c9e3a5bbec36dd28eb8f1b71c32fbf76') in 0.003547 seconds 
========================================================================
Received Import Request.
  Time since last request: 42.033694 seconds.
  path: Assets/Scripts/UserControlSystem/UI/Model/UIModel.asmdef
  artifactKey: Guid(cf41ba678ca613d4dbb3f3af141cb029) Importer(815301076,1909f56bfc062723c751e8b465ee728b)
Start importing Assets/Scripts/UserControlSystem/UI/Model/UIModel.asmdef using Guid(cf41ba678ca613d4dbb3f3af141cb029) Importer(815301076,1909f56bfc062723c751e8b465ee728b)  -> (artifact id: 'c19117d83f66767d2ff03856592833d8') in 0.020395 seconds 
========================================================================
Received Import Request.
  Time since last request: 30.637167 seconds.
  path: Assets/Scripts/UserControlSystem/UI/View/UiViewInstaller.cs
  artifactKey: Guid(25e282bf3c642744db3432fbbc73cede) Importer(815301076,1909f56bfc062723c751e8b465ee728b)
Start importing Assets/Scripts/UserControlSystem/UI/View/UiViewInstaller.cs using Guid(25e282bf3c642744db3432fbbc73cede) Importer(815301076,1909f56bfc062723c751e8b465ee728b)  -> (artifact id: '42bf6b8edb710ef89056c1257759746b') in 0.004026 seconds 
========================================================================
Received Import Request.
  Time since last request: 19.654186 seconds.
  path: Assets/Scripts/UserControlSystem/UI/View/UiViewInstaller.cs
  artifactKey: Guid(25e282bf3c642744db3432fbbc73cede) Importer(815301076,1909f56bfc062723c751e8b465ee728b)
Start importing Assets/Scripts/UserControlSystem/UI/View/UiViewInstaller.cs using Guid(25e282bf3c642744db3432fbbc73cede) Importer(815301076,1909f56bfc062723c751e8b465ee728b)  -> (artifact id: '34d31a0869840a86cd0e8d2c771e81ea') in 0.004343 seconds 
========================================================================
Received Import Request.
  Time since last request: 28.882979 seconds.
  path: Assets/Scripts/UserControlSystem/UI/View/BottomCenterView.cs
  artifactKey: Guid(fcb685ad8441ad141b0b2bf995a861f6) Importer(815301076,1909f56bfc062723c751e8b465ee728b)
Start importing Assets/Scripts/UserControlSystem/UI/View/BottomCenterView.cs using Guid(fcb685ad8441ad141b0b2bf995a861f6) Importer(815301076,1909f56bfc062723c751e8b465ee728b)  -> (artifact id: '280e2a003b4d8d8698696358805d6117') in 0.002614 seconds 
========================================================================
Received Import Request.
  Time since last request: 87.817982 seconds.
  path: Assets/Scripts/UserControlSystem/UI/View/BottomCenterView.cs
  artifactKey: Guid(fcb685ad8441ad141b0b2bf995a861f6) Importer(815301076,1909f56bfc062723c751e8b465ee728b)
Start importing Assets/Scripts/UserControlSystem/UI/View/BottomCenterView.cs using Guid(fcb685ad8441ad141b0b2bf995a861f6) Importer(815301076,1909f56bfc062723c751e8b465ee728b)  -> (artifact id: 'aab9d897c371de9a825cce8bf0431c47') in 0.002639 seconds 
========================================================================
Received Prepare
Registering precompiled user dll's ...
Registered in 0.004162 seconds.
Begin MonoManager ReloadAssembly
Symbol file LoadedFromMemory doesn't match image H:\Unity\Strategy\Strategy\Library\PackageCache\com.unity.visualscripting@1.7.8\Editor\VisualScripting.Core\Dependencies\YamlDotNet\Unity.VisualScripting.YamlDotNet.dll
Symbol file LoadedFromMemory doesn't match image H:\Unity\Strategy\Strategy\Library\PackageCache\com.unity.visualscripting@1.7.8\Editor\VisualScripting.Core\Dependencies\DotNetZip\Unity.VisualScripting.IonicZip.dll
Native extension for WindowsStandalone target not found
Native extension for iOS target not found
Native extension for Android target not found
Refreshing native plugins compatible for Editor in 0.72 ms, found 3 plugins.
Preloading 0 native plugins for Editor in 0.00 ms.
Mono: successfully reloaded assembly
- Completed reload, in  0.874 seconds
Domain Reload Profiling:
	ReloadAssembly (875ms)
		BeginReloadAssembly (116ms)
			ExecutionOrderSort (0ms)
			DisableScriptedObjects (5ms)
			BackupInstance (0ms)
			ReleaseScriptingObjects (0ms)
			CreateAndSetChildDomain (34ms)
		EndReloadAssembly (681ms)
			LoadAssemblies (74ms)
			RebuildTransferFunctionScriptingTraits (0ms)
			SetupTypeCache (267ms)
			ReleaseScriptCaches (1ms)
			RebuildScriptCaches (34ms)
			SetupLoadedEditorAssemblies (275ms)
				LogAssemblyErrors (0ms)
				InitializePlatformSupportModulesInManaged (25ms)
				SetLoadedEditorAssemblies (0ms)
				RefreshPlugins (1ms)
				BeforeProcessingInitializeOnLoad (55ms)
				ProcessInitializeOnLoadAttributes (166ms)
				ProcessInitializeOnLoadMethodAttributes (25ms)
				AfterProcessingInitializeOnLoad (2ms)
				EditorAssembliesLoaded (0ms)
			ExecutionOrderSort2 (0ms)
			AwakeInstancesAfterBackupRestoration (5ms)
Platform modules already initialized, skipping
Refreshing native plugins compatible for Editor in 2.03 ms, found 3 plugins.
Preloading 0 native plugins for Editor in 0.00 ms.
Unloading 4301 Unused Serialized files (Serialized files now loaded: 0)
Unloading 25 unused Assets / (82.9 KB). Loaded Objects now: 4797.
Memory consumption went from 149.6 MB to 149.5 MB.
Total: 3.039800 ms (FindLiveObjects: 0.306000 ms CreateObjectMapping: 0.211900 ms MarkObjects: 2.419200 ms  DeleteObjects: 0.101900 ms)

AssetImportParameters requested are different than current active one (requested -> active):
  custom:video-decoder-ogg-theora: a1e56fd34408186e4bbccfd4996cb3dc -> 
  custom:container-muxer-webm: aa71ff27fc2769a1b78a27578f13a17b -> 
  custom:container-demuxer-webm: 4f35f7cbe854078d1ac9338744f61a02 -> 
  custom:video-encoder-webm-vp8: eb34c28f22e8b96e1ab97ce403110664 -> 
  custom:audio-encoder-webm-vorbis: bf7c407c2cedff20999df2af8eb42d56 -> 
  custom:framework-win-MediaFoundation: 216162199b28c13a410421893ffa2e32 -> 
  custom:container-demuxer-ogg: 62fdf1f143b41e24485cea50d1cbac27 -> 
  custom:video-decoder-webm-vp8: 9c59270c3fd7afecdb556c50c9e8de78 -> 
  custom:audio-decoder-ogg-vorbis: bf7c407c2cedff20999df2af8eb42d56 -> 
========================================================================
Received Prepare
Registering precompiled user dll's ...
Registered in 0.005079 seconds.
Begin MonoManager ReloadAssembly
Symbol file LoadedFromMemory doesn't match image H:\Unity\Strategy\Strategy\Library\PackageCache\com.unity.visualscripting@1.7.8\Editor\VisualScripting.Core\Dependencies\YamlDotNet\Unity.VisualScripting.YamlDotNet.dll
Symbol file LoadedFromMemory doesn't match image H:\Unity\Strategy\Strategy\Library\PackageCache\com.unity.visualscripting@1.7.8\Editor\VisualScripting.Core\Dependencies\DotNetZip\Unity.VisualScripting.IonicZip.dll
Native extension for WindowsStandalone target not found
Native extension for iOS target not found
Native extension for Android target not found
Refreshing native plugins compatible for Editor in 0.76 ms, found 3 plugins.
Preloading 0 native plugins for Editor in 0.00 ms.
Mono: successfully reloaded assembly
- Completed reload, in  0.895 seconds
Domain Reload Profiling:
	ReloadAssembly (896ms)
		BeginReloadAssembly (111ms)
			ExecutionOrderSort (0ms)
			DisableScriptedObjects (5ms)
			BackupInstance (0ms)
			ReleaseScriptingObjects (0ms)
			CreateAndSetChildDomain (32ms)
		EndReloadAssembly (705ms)
			LoadAssemblies (72ms)
			RebuildTransferFunctionScriptingTraits (0ms)
			SetupTypeCache (281ms)
			ReleaseScriptCaches (1ms)
			RebuildScriptCaches (35ms)
			SetupLoadedEditorAssemblies (283ms)
				LogAssemblyErrors (0ms)
				InitializePlatformSupportModulesInManaged (26ms)
				SetLoadedEditorAssemblies (0ms)
				RefreshPlugins (1ms)
				BeforeProcessingInitializeOnLoad (56ms)
				ProcessInitializeOnLoadAttributes (170ms)
				ProcessInitializeOnLoadMethodAttributes (27ms)
				AfterProcessingInitializeOnLoad (2ms)
				EditorAssembliesLoaded (0ms)
			ExecutionOrderSort2 (0ms)
			AwakeInstancesAfterBackupRestoration (5ms)
Platform modules already initialized, skipping
Refreshing native plugins compatible for Editor in 2.23 ms, found 3 plugins.
Preloading 0 native plugins for Editor in 0.00 ms.
Unloading 4301 Unused Serialized files (Serialized files now loaded: 0)
Unloading 25 unused Assets / (83.1 KB). Loaded Objects now: 4800.
Memory consumption went from 149.6 MB to 149.5 MB.
Total: 5.902200 ms (FindLiveObjects: 0.448600 ms CreateObjectMapping: 1.497300 ms MarkObjects: 3.717200 ms  DeleteObjects: 0.237500 ms)

AssetImportParameters requested are different than current active one (requested -> active):
  custom:video-decoder-ogg-theora: a1e56fd34408186e4bbccfd4996cb3dc -> 
  custom:container-muxer-webm: aa71ff27fc2769a1b78a27578f13a17b -> 
  custom:container-demuxer-webm: 4f35f7cbe854078d1ac9338744f61a02 -> 
  custom:video-encoder-webm-vp8: eb34c28f22e8b96e1ab97ce403110664 -> 
  custom:audio-encoder-webm-vorbis: bf7c407c2cedff20999df2af8eb42d56 -> 
  custom:framework-win-MediaFoundation: 216162199b28c13a410421893ffa2e32 -> 
  custom:container-demuxer-ogg: 62fdf1f143b41e24485cea50d1cbac27 -> 
  custom:video-decoder-webm-vp8: 9c59270c3fd7afecdb556c50c9e8de78 -> 
  custom:audio-decoder-ogg-vorbis: bf7c407c2cedff20999df2af8eb42d56 -> 
========================================================================
Received Prepare
Registering precompiled user dll's ...
Registered in 0.004291 seconds.
Begin MonoManager ReloadAssembly
Symbol file LoadedFromMemory doesn't match image H:\Unity\Strategy\Strategy\Library\PackageCache\com.unity.visualscripting@1.7.8\Editor\VisualScripting.Core\Dependencies\YamlDotNet\Unity.VisualScripting.YamlDotNet.dll
Symbol file LoadedFromMemory doesn't match image H:\Unity\Strategy\Strategy\Library\PackageCache\com.unity.visualscripting@1.7.8\Editor\VisualScripting.Core\Dependencies\DotNetZip\Unity.VisualScripting.IonicZip.dll
Native extension for WindowsStandalone target not found
Native extension for iOS target not found
Native extension for Android target not found
Refreshing native plugins compatible for Editor in 0.73 ms, found 3 plugins.
Preloading 0 native plugins for Editor in 0.00 ms.
Mono: successfully reloaded assembly
- Completed reload, in  0.915 seconds
Domain Reload Profiling:
	ReloadAssembly (917ms)
		BeginReloadAssembly (120ms)
			ExecutionOrderSort (0ms)
			DisableScriptedObjects (6ms)
			BackupInstance (0ms)
			ReleaseScriptingObjects (0ms)
			CreateAndSetChildDomain (37ms)
		EndReloadAssembly (718ms)
			LoadAssemblies (71ms)
			RebuildTransferFunctionScriptingTraits (0ms)
			SetupTypeCache (286ms)
			ReleaseScriptCaches (1ms)
			RebuildScriptCaches (36ms)
			SetupLoadedEditorAssemblies (282ms)
				LogAssemblyErrors (0ms)
				InitializePlatformSupportModulesInManaged (26ms)
				SetLoadedEditorAssemblies (0ms)
				RefreshPlugins (1ms)
				BeforeProcessingInitializeOnLoad (55ms)
				ProcessInitializeOnLoadAttributes (170ms)
				ProcessInitializeOnLoadMethodAttributes (26ms)
				AfterProcessingInitializeOnLoad (2ms)
				EditorAssembliesLoaded (0ms)
			ExecutionOrderSort2 (0ms)
			AwakeInstancesAfterBackupRestoration (6ms)
Platform modules already initialized, skipping
Refreshing native plugins compatible for Editor in 1.88 ms, found 3 plugins.
Preloading 0 native plugins for Editor in 0.00 ms.
Unloading 4301 Unused Serialized files (Serialized files now loaded: 0)
Unloading 25 unused Assets / (82.9 KB). Loaded Objects now: 4803.
Memory consumption went from 149.6 MB to 149.5 MB.
Total: 2.991600 ms (FindLiveObjects: 0.309600 ms CreateObjectMapping: 0.279400 ms MarkObjects: 2.274500 ms  DeleteObjects: 0.127200 ms)

AssetImportParameters requested are different than current active one (requested -> active):
  custom:video-decoder-ogg-theora: a1e56fd34408186e4bbccfd4996cb3dc -> 
  custom:container-muxer-webm: aa71ff27fc2769a1b78a27578f13a17b -> 
  custom:container-demuxer-webm: 4f35f7cbe854078d1ac9338744f61a02 -> 
  custom:video-encoder-webm-vp8: eb34c28f22e8b96e1ab97ce403110664 -> 
  custom:audio-encoder-webm-vorbis: bf7c407c2cedff20999df2af8eb42d56 -> 
  custom:framework-win-MediaFoundation: 216162199b28c13a410421893ffa2e32 -> 
  custom:container-demuxer-ogg: 62fdf1f143b41e24485cea50d1cbac27 -> 
  custom:video-decoder-webm-vp8: 9c59270c3fd7afecdb556c50c9e8de78 -> 
  custom:audio-decoder-ogg-vorbis: bf7c407c2cedff20999df2af8eb42d56 -> 
========================================================================
Received Prepare
Registering precompiled user dll's ...
Registered in 0.004770 seconds.
Begin MonoManager ReloadAssembly
Symbol file LoadedFromMemory doesn't match image H:\Unity\Strategy\Strategy\Library\PackageCache\com.unity.visualscripting@1.7.8\Editor\VisualScripting.Core\Dependencies\YamlDotNet\Unity.VisualScripting.YamlDotNet.dll
Symbol file LoadedFromMemory doesn't match image H:\Unity\Strategy\Strategy\Library\PackageCache\com.unity.visualscripting@1.7.8\Editor\VisualScripting.Core\Dependencies\DotNetZip\Unity.VisualScripting.IonicZip.dll
Native extension for WindowsStandalone target not found
Native extension for iOS target not found
Native extension for Android target not found
Refreshing native plugins compatible for Editor in 0.75 ms, found 3 plugins.
Preloading 0 native plugins for Editor in 0.00 ms.
Mono: successfully reloaded assembly
- Completed reload, in  0.978 seconds
Domain Reload Profiling:
	ReloadAssembly (979ms)
		BeginReloadAssembly (124ms)
			ExecutionOrderSort (0ms)
			DisableScriptedObjects (5ms)
			BackupInstance (0ms)
			ReleaseScriptingObjects (0ms)
			CreateAndSetChildDomain (44ms)
		EndReloadAssembly (774ms)
			LoadAssemblies (74ms)
			RebuildTransferFunctionScriptingTraits (0ms)
			SetupTypeCache (272ms)
			ReleaseScriptCaches (1ms)
			RebuildScriptCaches (38ms)
			SetupLoadedEditorAssemblies (350ms)
				LogAssemblyErrors (0ms)
				InitializePlatformSupportModulesInManaged (26ms)
				SetLoadedEditorAssemblies (0ms)
				RefreshPlugins (1ms)
				BeforeProcessingInitializeOnLoad (56ms)
				ProcessInitializeOnLoadAttributes (229ms)
				ProcessInitializeOnLoadMethodAttributes (34ms)
				AfterProcessingInitializeOnLoad (3ms)
				EditorAssembliesLoaded (0ms)
			ExecutionOrderSort2 (0ms)
			AwakeInstancesAfterBackupRestoration (8ms)
Platform modules already initialized, skipping
Refreshing native plugins compatible for Editor in 1.76 ms, found 3 plugins.
Preloading 0 native plugins for Editor in 0.00 ms.
Unloading 4301 Unused Serialized files (Serialized files now loaded: 0)
Unloading 25 unused Assets / (83.0 KB). Loaded Objects now: 4806.
Memory consumption went from 149.6 MB to 149.5 MB.
Total: 2.946400 ms (FindLiveObjects: 0.328200 ms CreateObjectMapping: 0.261000 ms MarkObjects: 2.254400 ms  DeleteObjects: 0.101900 ms)

AssetImportParameters requested are different than current active one (requested -> active):
  custom:video-decoder-ogg-theora: a1e56fd34408186e4bbccfd4996cb3dc -> 
  custom:container-muxer-webm: aa71ff27fc2769a1b78a27578f13a17b -> 
  custom:container-demuxer-webm: 4f35f7cbe854078d1ac9338744f61a02 -> 
  custom:video-encoder-webm-vp8: eb34c28f22e8b96e1ab97ce403110664 -> 
  custom:audio-encoder-webm-vorbis: bf7c407c2cedff20999df2af8eb42d56 -> 
  custom:framework-win-MediaFoundation: 216162199b28c13a410421893ffa2e32 -> 
  custom:container-demuxer-ogg: 62fdf1f143b41e24485cea50d1cbac27 -> 
  custom:video-decoder-webm-vp8: 9c59270c3fd7afecdb556c50c9e8de78 -> 
  custom:audio-decoder-ogg-vorbis: bf7c407c2cedff20999df2af8eb42d56 -> 
========================================================================
Received Prepare
Registering precompiled user dll's ...
Registered in 0.004188 seconds.
Begin MonoManager ReloadAssembly
Symbol file LoadedFromMemory doesn't match image H:\Unity\Strategy\Strategy\Library\PackageCache\com.unity.visualscripting@1.7.8\Editor\VisualScripting.Core\Dependencies\YamlDotNet\Unity.VisualScripting.YamlDotNet.dll
Symbol file LoadedFromMemory doesn't match image H:\Unity\Strategy\Strategy\Library\PackageCache\com.unity.visualscripting@1.7.8\Editor\VisualScripting.Core\Dependencies\DotNetZip\Unity.VisualScripting.IonicZip.dll
Native extension for WindowsStandalone target not found
Native extension for iOS target not found
Native extension for Android target not found
Refreshing native plugins compatible for Editor in 0.78 ms, found 3 plugins.
Preloading 0 native plugins for Editor in 0.00 ms.
Mono: successfully reloaded assembly
- Completed reload, in  1.006 seconds
Domain Reload Profiling:
	ReloadAssembly (1007ms)
		BeginReloadAssembly (122ms)
			ExecutionOrderSort (0ms)
			DisableScriptedObjects (6ms)
			BackupInstance (0ms)
			ReleaseScriptingObjects (0ms)
			CreateAndSetChildDomain (41ms)
		EndReloadAssembly (796ms)
			LoadAssemblies (82ms)
			RebuildTransferFunctionScriptingTraits (0ms)
			SetupTypeCache (302ms)
			ReleaseScriptCaches (1ms)
			RebuildScriptCaches (43ms)
			SetupLoadedEditorAssemblies (325ms)
				LogAssemblyErrors (0ms)
				InitializePlatformSupportModulesInManaged (29ms)
				SetLoadedEditorAssemblies (1ms)
				RefreshPlugins (1ms)
				BeforeProcessingInitializeOnLoad (68ms)
				ProcessInitializeOnLoadAttributes (195ms)
				ProcessInitializeOnLoadMethodAttributes (28ms)
				AfterProcessingInitializeOnLoad (3ms)
				EditorAssembliesLoaded (0ms)
			ExecutionOrderSort2 (0ms)
			AwakeInstancesAfterBackupRestoration (6ms)
Platform modules already initialized, skipping
Refreshing native plugins compatible for Editor in 1.86 ms, found 3 plugins.
Preloading 0 native plugins for Editor in 0.00 ms.
Unloading 4301 Unused Serialized files (Serialized files now loaded: 0)
Unloading 25 unused Assets / (83.2 KB). Loaded Objects now: 4809.
Memory consumption went from 149.6 MB to 149.5 MB.
Total: 2.969100 ms (FindLiveObjects: 0.393600 ms CreateObjectMapping: 0.277400 ms MarkObjects: 2.190400 ms  DeleteObjects: 0.106800 ms)

AssetImportParameters requested are different than current active one (requested -> active):
  custom:video-decoder-ogg-theora: a1e56fd34408186e4bbccfd4996cb3dc -> 
  custom:container-muxer-webm: aa71ff27fc2769a1b78a27578f13a17b -> 
  custom:container-demuxer-webm: 4f35f7cbe854078d1ac9338744f61a02 -> 
  custom:video-encoder-webm-vp8: eb34c28f22e8b96e1ab97ce403110664 -> 
  custom:audio-encoder-webm-vorbis: bf7c407c2cedff20999df2af8eb42d56 -> 
  custom:framework-win-MediaFoundation: 216162199b28c13a410421893ffa2e32 -> 
  custom:container-demuxer-ogg: 62fdf1f143b41e24485cea50d1cbac27 -> 
  custom:video-decoder-webm-vp8: 9c59270c3fd7afecdb556c50c9e8de78 -> 
  custom:audio-decoder-ogg-vorbis: bf7c407c2cedff20999df2af8eb42d56 -> 
========================================================================
Received Import Request.
  Time since last request: 737.383179 seconds.
  path: Assets/ScriptableObjects/AssetsContext.asset
  artifactKey: Guid(451971ba51bd2aa4ba5db9effc9960ec) Importer(815301076,1909f56bfc062723c751e8b465ee728b)
Start importing Assets/ScriptableObjects/AssetsContext.asset using Guid(451971ba51bd2aa4ba5db9effc9960ec) Importer(815301076,1909f56bfc062723c751e8b465ee728b)  -> (artifact id: 'bfae83146522380b59b93f21c60a91fd') in 0.111768 seconds 
========================================================================
Received Prepare
Registering precompiled user dll's ...
Registered in 0.004104 seconds.
Begin MonoManager ReloadAssembly
Symbol file LoadedFromMemory doesn't match image H:\Unity\Strategy\Strategy\Library\PackageCache\com.unity.visualscripting@1.7.8\Editor\VisualScripting.Core\Dependencies\YamlDotNet\Unity.VisualScripting.YamlDotNet.dll
Symbol file LoadedFromMemory doesn't match image H:\Unity\Strategy\Strategy\Library\PackageCache\com.unity.visualscripting@1.7.8\Editor\VisualScripting.Core\Dependencies\DotNetZip\Unity.VisualScripting.IonicZip.dll
Native extension for WindowsStandalone target not found
Native extension for iOS target not found
Native extension for Android target not found
Refreshing native plugins compatible for Editor in 0.88 ms, found 3 plugins.
Preloading 0 native plugins for Editor in 0.00 ms.
Mono: successfully reloaded assembly
- Completed reload, in  0.910 seconds
Domain Reload Profiling:
	ReloadAssembly (911ms)
		BeginReloadAssembly (126ms)
			ExecutionOrderSort (0ms)
			DisableScriptedObjects (5ms)
			BackupInstance (0ms)
			ReleaseScriptingObjects (0ms)
			CreateAndSetChildDomain (45ms)
		EndReloadAssembly (702ms)
			LoadAssemblies (74ms)
			RebuildTransferFunctionScriptingTraits (0ms)
			SetupTypeCache (264ms)
			ReleaseScriptCaches (2ms)
			RebuildScriptCaches (36ms)
			SetupLoadedEditorAssemblies (290ms)
				LogAssemblyErrors (0ms)
				InitializePlatformSupportModulesInManaged (26ms)
				SetLoadedEditorAssemblies (0ms)
				RefreshPlugins (2ms)
				BeforeProcessingInitializeOnLoad (57ms)
				ProcessInitializeOnLoadAttributes (178ms)
				ProcessInitializeOnLoadMethodAttributes (25ms)
				AfterProcessingInitializeOnLoad (2ms)
				EditorAssembliesLoaded (0ms)
			ExecutionOrderSort2 (0ms)
			AwakeInstancesAfterBackupRestoration (6ms)
Platform modules already initialized, skipping
Refreshing native plugins compatible for Editor in 1.89 ms, found 3 plugins.
Preloading 0 native plugins for Editor in 0.00 ms.
Unloading 4301 Unused Serialized files (Serialized files now loaded: 0)
Unloading 25 unused Assets / (83.0 KB). Loaded Objects now: 4813.
Memory consumption went from 149.9 MB to 149.9 MB.
Total: 3.110300 ms (FindLiveObjects: 0.312500 ms CreateObjectMapping: 0.256000 ms MarkObjects: 2.414900 ms  DeleteObjects: 0.125700 ms)

AssetImportParameters requested are different than current active one (requested -> active):
  custom:video-decoder-ogg-theora: a1e56fd34408186e4bbccfd4996cb3dc -> 
  custom:container-muxer-webm: aa71ff27fc2769a1b78a27578f13a17b -> 
  custom:container-demuxer-webm: 4f35f7cbe854078d1ac9338744f61a02 -> 
  custom:video-encoder-webm-vp8: eb34c28f22e8b96e1ab97ce403110664 -> 
  custom:audio-encoder-webm-vorbis: bf7c407c2cedff20999df2af8eb42d56 -> 
  custom:framework-win-MediaFoundation: 216162199b28c13a410421893ffa2e32 -> 
  custom:container-demuxer-ogg: 62fdf1f143b41e24485cea50d1cbac27 -> 
  custom:video-decoder-webm-vp8: 9c59270c3fd7afecdb556c50c9e8de78 -> 
  custom:audio-decoder-ogg-vorbis: bf7c407c2cedff20999df2af8eb42d56 -> 
========================================================================
Received Import Request.
  Time since last request: 153.211745 seconds.
  path: Assets/Scripts/UserControlSystem/UI/Model/UiModelInstaller.cs
  artifactKey: Guid(24f52983d40fb174bbc5578893ae0e21) Importer(815301076,1909f56bfc062723c751e8b465ee728b)
Start importing Assets/Scripts/UserControlSystem/UI/Model/UiModelInstaller.cs using Guid(24f52983d40fb174bbc5578893ae0e21) Importer(815301076,1909f56bfc062723c751e8b465ee728b)  -> (artifact id: '7d6ef37d9b501b3370234997c6504065') in 0.015887 seconds 
========================================================================
Received Prepare
Registering precompiled user dll's ...
Registered in 0.004107 seconds.
Begin MonoManager ReloadAssembly
Symbol file LoadedFromMemory doesn't match image H:\Unity\Strategy\Strategy\Library\PackageCache\com.unity.visualscripting@1.7.8\Editor\VisualScripting.Core\Dependencies\YamlDotNet\Unity.VisualScripting.YamlDotNet.dll
Symbol file LoadedFromMemory doesn't match image H:\Unity\Strategy\Strategy\Library\PackageCache\com.unity.visualscripting@1.7.8\Editor\VisualScripting.Core\Dependencies\DotNetZip\Unity.VisualScripting.IonicZip.dll
Native extension for WindowsStandalone target not found
Native extension for iOS target not found
Native extension for Android target not found
Refreshing native plugins compatible for Editor in 0.70 ms, found 3 plugins.
Preloading 0 native plugins for Editor in 0.00 ms.
Mono: successfully reloaded assembly
- Completed reload, in  0.871 seconds
Domain Reload Profiling:
	ReloadAssembly (873ms)
		BeginReloadAssembly (114ms)
			ExecutionOrderSort (0ms)
			DisableScriptedObjects (5ms)
			BackupInstance (0ms)
			ReleaseScriptingObjects (0ms)
			CreateAndSetChildDomain (33ms)
		EndReloadAssembly (677ms)
			LoadAssemblies (74ms)
			RebuildTransferFunctionScriptingTraits (0ms)
			SetupTypeCache (266ms)
			ReleaseScriptCaches (1ms)
			RebuildScriptCaches (35ms)
			SetupLoadedEditorAssemblies (269ms)
				LogAssemblyErrors (0ms)
				InitializePlatformSupportModulesInManaged (25ms)
				SetLoadedEditorAssemblies (0ms)
				RefreshPlugins (1ms)
				BeforeProcessingInitializeOnLoad (52ms)
				ProcessInitializeOnLoadAttributes (163ms)
				ProcessInitializeOnLoadMethodAttributes (25ms)
				AfterProcessingInitializeOnLoad (2ms)
				EditorAssembliesLoaded (0ms)
			ExecutionOrderSort2 (0ms)
			AwakeInstancesAfterBackupRestoration (5ms)
Platform modules already initialized, skipping
Refreshing native plugins compatible for Editor in 1.90 ms, found 3 plugins.
Preloading 0 native plugins for Editor in 0.00 ms.
Unloading 4301 Unused Serialized files (Serialized files now loaded: 0)
Unloading 25 unused Assets / (83.0 KB). Loaded Objects now: 4816.
Memory consumption went from 150.0 MB to 149.9 MB.
Total: 2.679700 ms (FindLiveObjects: 0.326200 ms CreateObjectMapping: 0.242300 ms MarkObjects: 2.011500 ms  DeleteObjects: 0.098500 ms)

AssetImportParameters requested are different than current active one (requested -> active):
  custom:video-decoder-ogg-theora: a1e56fd34408186e4bbccfd4996cb3dc -> 
  custom:container-muxer-webm: aa71ff27fc2769a1b78a27578f13a17b -> 
  custom:container-demuxer-webm: 4f35f7cbe854078d1ac9338744f61a02 -> 
  custom:video-encoder-webm-vp8: eb34c28f22e8b96e1ab97ce403110664 -> 
  custom:audio-encoder-webm-vorbis: bf7c407c2cedff20999df2af8eb42d56 -> 
  custom:framework-win-MediaFoundation: 216162199b28c13a410421893ffa2e32 -> 
  custom:container-demuxer-ogg: 62fdf1f143b41e24485cea50d1cbac27 -> 
  custom:video-decoder-webm-vp8: 9c59270c3fd7afecdb556c50c9e8de78 -> 
  custom:audio-decoder-ogg-vorbis: bf7c407c2cedff20999df2af8eb42d56 -> 
========================================================================
Received Prepare
Registering precompiled user dll's ...
Registered in 0.004238 seconds.
Begin MonoManager ReloadAssembly
Symbol file LoadedFromMemory doesn't match image H:\Unity\Strategy\Strategy\Library\PackageCache\com.unity.visualscripting@1.7.8\Editor\VisualScripting.Core\Dependencies\YamlDotNet\Unity.VisualScripting.YamlDotNet.dll
Symbol file LoadedFromMemory doesn't match image H:\Unity\Strategy\Strategy\Library\PackageCache\com.unity.visualscripting@1.7.8\Editor\VisualScripting.Core\Dependencies\DotNetZip\Unity.VisualScripting.IonicZip.dll
Native extension for WindowsStandalone target not found
Native extension for iOS target not found
Native extension for Android target not found
Refreshing native plugins compatible for Editor in 0.86 ms, found 3 plugins.
Preloading 0 native plugins for Editor in 0.00 ms.
Mono: successfully reloaded assembly
- Completed reload, in  0.946 seconds
Domain Reload Profiling:
	ReloadAssembly (948ms)
		BeginReloadAssembly (120ms)
			ExecutionOrderSort (0ms)
			DisableScriptedObjects (5ms)
			BackupInstance (0ms)
			ReleaseScriptingObjects (0ms)
			CreateAndSetChildDomain (33ms)
		EndReloadAssembly (748ms)
			LoadAssemblies (73ms)
			RebuildTransferFunctionScriptingTraits (0ms)
			SetupTypeCache (269ms)
			ReleaseScriptCaches (1ms)
			RebuildScriptCaches (36ms)
			SetupLoadedEditorAssemblies (326ms)
				LogAssemblyErrors (0ms)
				InitializePlatformSupportModulesInManaged (34ms)
				SetLoadedEditorAssemblies (0ms)
				RefreshPlugins (2ms)
				BeforeProcessingInitializeOnLoad (65ms)
				ProcessInitializeOnLoadAttributes (193ms)
				ProcessInitializeOnLoadMethodAttributes (29ms)
				AfterProcessingInitializeOnLoad (2ms)
				EditorAssembliesLoaded (0ms)
			ExecutionOrderSort2 (0ms)
			AwakeInstancesAfterBackupRestoration (6ms)
Platform modules already initialized, skipping
Refreshing native plugins compatible for Editor in 1.91 ms, found 3 plugins.
Preloading 0 native plugins for Editor in 0.00 ms.
Unloading 4301 Unused Serialized files (Serialized files now loaded: 0)
Unloading 25 unused Assets / (83.1 KB). Loaded Objects now: 4819.
Memory consumption went from 150.0 MB to 149.9 MB.
Total: 2.830600 ms (FindLiveObjects: 0.324400 ms CreateObjectMapping: 0.229000 ms MarkObjects: 2.171500 ms  DeleteObjects: 0.104900 ms)

AssetImportParameters requested are different than current active one (requested -> active):
  custom:video-decoder-ogg-theora: a1e56fd34408186e4bbccfd4996cb3dc -> 
  custom:container-muxer-webm: aa71ff27fc2769a1b78a27578f13a17b -> 
  custom:container-demuxer-webm: 4f35f7cbe854078d1ac9338744f61a02 -> 
  custom:video-encoder-webm-vp8: eb34c28f22e8b96e1ab97ce403110664 -> 
  custom:audio-encoder-webm-vorbis: bf7c407c2cedff20999df2af8eb42d56 -> 
  custom:framework-win-MediaFoundation: 216162199b28c13a410421893ffa2e32 -> 
  custom:container-demuxer-ogg: 62fdf1f143b41e24485cea50d1cbac27 -> 
  custom:video-decoder-webm-vp8: 9c59270c3fd7afecdb556c50c9e8de78 -> 
  custom:audio-decoder-ogg-vorbis: bf7c407c2cedff20999df2af8eb42d56 -> 
